<?xml version="1.0" encoding="UTF-8"?>
<!-- Generated by org.testng.reporters.JUnitReportReporter -->
<testsuite skipped="0" hostname="DESKTOP-N60QB27" name="RestfulBooker.HeadersExampleUsingHeaderClass" tests="1" failures="0" timestamp="2022-12-01T15:01:19 IST" time="2.465" errors="0">
  <testcase name="addHeaders" time="2.465" classname="RestfulBooker.HeadersExampleUsingHeaderClass"/>
</testsuite> <!-- RestfulBooker.HeadersExampleUsingHeaderClass -->
