<?xml version="1.0" encoding="UTF-8"?>
<!-- Generated by org.testng.reporters.JUnitReportReporter -->
<testsuite skipped="0" hostname="DESKTOP-N60QB27" name="Payload.JsonFileAsPayload" tests="1" failures="0" timestamp="2022-12-01T17:26:41 IST" time="4.476" errors="0">
  <testcase name="sendJson" time="4.476" classname="Payload.JsonFileAsPayload"/>
</testsuite> <!-- Payload.JsonFileAsPayload -->
