<?xml version="1.0" encoding="UTF-8"?>
<!-- Generated by org.testng.reporters.JUnitReportReporter -->
<testsuite skipped="0" hostname="DESKTOP-N60QB27" name="RestfulBooker.CreateBookingMethodChaining" tests="3" failures="0" timestamp="2022-12-01T14:30:13 IST" time="8.458" errors="0">
  <testcase name="request2" time="1.804" classname="RestfulBooker.CreateBookingMethodChaining"/>
  <testcase name="createBooking" time="3.750" classname="RestfulBooker.CreateBookingMethodChaining"/>
  <testcase name="request3" time="2.904" classname="RestfulBooker.CreateBookingMethodChaining"/>
</testsuite> <!-- RestfulBooker.CreateBookingMethodChaining -->
