<?xml version="1.0" encoding="UTF-8"?>
<!-- Generated by org.testng.reporters.JUnitReportReporter -->
<testsuite skipped="0" hostname="DESKTOP-N60QB27" name="Payload.PayLoadUsingMap" tests="1" failures="0" timestamp="2022-12-01T15:45:53 IST" time="3.879" errors="0">
  <testcase name="createBooking" time="3.879" classname="Payload.PayLoadUsingMap"/>
</testsuite> <!-- Payload.PayLoadUsingMap -->
