<?xml version="1.0" encoding="UTF-8"?>
<!-- Generated by org.testng.reporters.JUnitReportReporter -->
<testsuite skipped="0" hostname="DESKTOP-N60QB27" name="RestfulBooker.HeadersExample" tests="1" failures="0" timestamp="2022-12-01T14:58:55 IST" time="70.355" errors="0">
  <testcase name="addHeaders" time="70.355" classname="RestfulBooker.HeadersExample"/>
</testsuite> <!-- RestfulBooker.HeadersExample -->
