<?xml version="1.0" encoding="UTF-8"?>
<!-- Generated by org.testng.reporters.JUnitReportReporter -->
<testsuite skipped="0" hostname="DESKTOP-N60QB27" name="RestfulBooker.CreateBookingDetailed" tests="1" failures="0" timestamp="2022-12-01T09:49:49 IST" time="5.221" errors="0">
  <testcase name="createBooking" time="5.221" classname="RestfulBooker.CreateBookingDetailed"/>
</testsuite> <!-- RestfulBooker.CreateBookingDetailed -->
