<?xml version="1.0" encoding="UTF-8"?>
<!-- Generated by org.testng.reporters.JUnitReportReporter -->
<testsuite skipped="0" hostname="DESKTOP-N60QB27" name="RestfulBooker.HeadersExampleUsingHeaderClass2" tests="1" failures="0" timestamp="2022-12-01T15:12:15 IST" time="2.422" errors="0">
  <testcase name="addHeaders" time="2.422" classname="RestfulBooker.HeadersExampleUsingHeaderClass2"/>
</testsuite> <!-- RestfulBooker.HeadersExampleUsingHeaderClass2 -->
